[INFO] Scanning for projects...
[INFO] 
[INFO] -------------------< com.example:student-management >-------------------
[INFO] Building student-management 0.0.1-SNAPSHOT
[INFO]   from pom.xml
[INFO] --------------------------------[ jar ]---------------------------------
[INFO] 
[INFO] --- clean:3.3.2:clean (default-clean) @ student-management ---
[INFO] Deleting C:\JAVA\StudentManagement\target
[INFO] 
[INFO] --- resources:3.3.1:resources (default-resources) @ student-management ---
[INFO] Copying 1 resource from src\main\resources to target\classes
[INFO] Copying 1 resource from src\main\resources to target\classes
[INFO] 
[INFO] --- compiler:3.11.0:compile (default-compile) @ student-management ---
[INFO] Changes detected - recompiling the module! :source
[INFO] Compiling 8 source files with javac [debug release 17] to target\classes
[INFO] -------------------------------------------------------------
[ERROR] COMPILATION ERROR : 
[INFO] -------------------------------------------------------------
[ERROR] /C:/JAVA/StudentManagement/src/main/java/com/example/studentmanagement/service/StudentServiceImpl.java:[36,39] cannot find symbol
  symbol:   method getName()
  location: variable studentDetails of type com.example.studentmanagement.model.Student
[ERROR] /C:/JAVA/StudentManagement/src/main/java/com/example/studentmanagement/service/StudentServiceImpl.java:[37,41] cannot find symbol
  symbol:   method getCourse()
  location: variable studentDetails of type com.example.studentmanagement.model.Student
[INFO] 2 errors 
[INFO] -------------------------------------------------------------
[INFO] ------------------------------------------------------------------------
[INFO] BUILD FAILURE
[INFO] ------------------------------------------------------------------------
[INFO] Total time:  2.796 s
[INFO] Finished at: 2025-12-31T04:07:37+05:30
[INFO] ------------------------------------------------------------------------
[ERROR] Failed to execute goal org.apache.maven.plugins:maven-compiler-plugin:3.11.0:compile (default-compile) on project student-management: Compilation failure: Compilation failure: 
[ERROR] /C:/JAVA/StudentManagement/src/main/java/com/example/studentmanagement/service/StudentServiceImpl.java:[36,39] cannot find symbol
[ERROR]   symbol:   method getName()
[ERROR]   location: variable studentDetails of type com.example.studentmanagement.model.Student
[ERROR] /C:/JAVA/StudentManagement/src/main/java/com/example/studentmanagement/service/StudentServiceImpl.java:[37,41] cannot find symbol
[ERROR]   symbol:   method getCourse()
[ERROR]   location: variable studentDetails of type com.example.studentmanagement.model.Student
[ERROR] -> [Help 1]
[ERROR] 
[ERROR] To see the full stack trace of the errors, re-run Maven with the -e switch.
[ERROR] Re-run Maven using the -X switch to enable full debug logging.
[ERROR] 
[ERROR] For more information about the errors and possible solutions, please read the following articles:
[ERROR] [Help 1] http://cwiki.apache.org/confluence/display/MAVEN/MojoFailureException
